2021-08-19 17:04:10.6828 INFO Application started. Press Ctrl+C to shut down.}
2021-08-19 17:04:10.7721 INFO Hosting environment: Development}
2021-08-19 17:04:10.8057 INFO Content root path: E:\SVN Project\Mezcal\MeazcalApi\Mezcal\Mezcal}
2021-08-19 17:05:10.8405 INFO Application started. Press Ctrl+C to shut down.}
2021-08-19 17:05:10.9230 INFO Hosting environment: Development}
2021-08-19 17:05:10.9504 INFO Content root path: E:\SVN Project\Mezcal\MeazcalApi\Mezcal\Mezcal}
2021-08-19 17:05:33.9662 ERROR An unhandled exception has occurred while executing the request.}
2021-08-19 17:06:34.3034 ERROR An unhandled exception has occurred while executing the request.}
2021-08-19 17:08:25.9889 INFO Application started. Press Ctrl+C to shut down.}
2021-08-19 17:08:35.4732 INFO Hosting environment: Development}
2021-08-19 17:08:35.4732 INFO Content root path: E:\SVN Project\Mezcal\MeazcalApi\Mezcal\Mezcal}
2021-08-19 17:08:59.7656 ERROR An unhandled exception has occurred while executing the request.}
2021-08-19 17:10:34.6914 INFO Application started. Press Ctrl+C to shut down.}
2021-08-19 17:10:37.1113 INFO Hosting environment: Development}
2021-08-19 17:10:37.1113 INFO Content root path: E:\SVN Project\Mezcal\MeazcalApi\Mezcal\Mezcal}
2021-08-19 17:10:55.1431 ERROR System.Exception: error rises
   at Mezcal.Controllers.WeatherForecastController.Get() in E:\SVN Project\Mezcal\MeazcalApi\Mezcal\Mezcal\Controllers\WeatherForecastController.cs:line 30
   at lambda_method3(Closure , Object , Object[] )
   at Microsoft.AspNetCore.Mvc.Infrastructure.ActionMethodExecutor.SyncObjectResultExecutor.Execute(IActionResultTypeMapper mapper, ObjectMethodExecutor executor, Object controller, Object[] arguments)
   at Microsoft.AspNetCore.Mvc.Infrastructure.ControllerActionInvoker.InvokeActionMethodAsync()
   at Microsoft.AspNetCore.Mvc.Infrastructure.ControllerActionInvoker.Next(State& next, Scope& scope, Object& state, Boolean& isCompleted)
   at Microsoft.AspNetCore.Mvc.Infrastructure.ControllerActionInvoker.InvokeNextActionFilterAsync()
--- End of stack trace from previous location ---
   at Microsoft.AspNetCore.Mvc.Infrastructure.ControllerActionInvoker.Rethrow(ActionExecutedContextSealed context)
   at Microsoft.AspNetCore.Mvc.Infrastructure.ControllerActionInvoker.Next(State& next, Scope& scope, Object& state, Boolean& isCompleted)
   at Microsoft.AspNetCore.Mvc.Infrastructure.ControllerActionInvoker.InvokeInnerFilterAsync()
--- End of stack trace from previous location ---
   at Microsoft.AspNetCore.Mvc.Infrastructure.ResourceInvoker.<InvokeFilterPipelineAsync>g__Awaited|19_0(ResourceInvoker invoker, Task lastTask, State next, Scope scope, Object state, Boolean isCompleted)
   at Microsoft.AspNetCore.Mvc.Infrastructure.ResourceInvoker.<InvokeAsync>g__Awaited|17_0(ResourceInvoker invoker, Task task, IDisposable scope)
   at Microsoft.AspNetCore.Routing.EndpointMiddleware.<Invoke>g__AwaitRequestTask|6_0(Endpoint endpoint, Task requestTask, ILogger logger)
   at Microsoft.AspNetCore.Authorization.AuthorizationMiddleware.Invoke(HttpContext context)
   at Swashbuckle.AspNetCore.SwaggerUI.SwaggerUIMiddleware.Invoke(HttpContext httpContext)
   at Swashbuckle.AspNetCore.Swagger.SwaggerMiddleware.Invoke(HttpContext httpContext, ISwaggerProvider swaggerProvider)
   at Microsoft.AspNetCore.Diagnostics.StatusCodePagesMiddleware.Invoke(HttpContext context)
   at Mezcal.Middlewares.ExceptionMiddleware.InvokeAsync(HttpContext context) in E:\SVN Project\Mezcal\MeazcalApi\Mezcal\Mezcal\Middlewares\ExceptionMiddleware.cs:line 32}
