2021-08-24 10:28:53.5730 INFO Application started. Press Ctrl+C to shut down.}
2021-08-24 10:28:53.6560 INFO Hosting environment: Development}
2021-08-24 10:28:53.6645 INFO Content root path: E:\SVN Project\Mezcal\MeazcalApi\Mezcal\Mezcal}
2021-08-24 11:25:33.6843 INFO Application started. Press Ctrl+C to shut down.}
2021-08-24 11:25:33.9027 INFO Hosting environment: Development}
2021-08-24 11:25:33.9509 INFO Content root path: E:\SVN Project\Mezcal\MeazcalApi\Mezcal}
2021-08-24 12:33:34.8860 INFO Application started. Press Ctrl+C to shut down.}
2021-08-24 12:33:34.9403 INFO Hosting environment: Development}
2021-08-24 12:33:34.9403 INFO Content root path: D:\holostik project\Mezcal\MeazcalApi\Mezcal}
2021-08-24 16:28:41.9615 INFO Application started. Press Ctrl+C to shut down.}
2021-08-24 16:28:42.0042 INFO Hosting environment: Development}
2021-08-24 16:28:42.0042 INFO Content root path: D:\holostik project\Mezcal\MeazcalApi\Mezcal}
2021-08-24 16:30:06.4163 ERROR System.InvalidOperationException: Unable to resolve service for type 'Mezcal.IRepository.Products.IProductRepository' while attempting to activate 'Mezcal.Controllers.ProductController'.
   at Microsoft.Extensions.DependencyInjection.ActivatorUtilities.GetService(IServiceProvider sp, Type type, Type requiredBy, Boolean isDefaultParameterRequired)
   at lambda_method10(Closure , IServiceProvider , Object[] )
   at Microsoft.AspNetCore.Mvc.Controllers.ControllerActivatorProvider.<>c__DisplayClass4_0.<CreateActivator>b__0(ControllerContext controllerContext)
   at Microsoft.AspNetCore.Mvc.Controllers.ControllerFactoryProvider.<>c__DisplayClass5_0.<CreateControllerFactory>g__CreateController|0(ControllerContext controllerContext)
   at Microsoft.AspNetCore.Mvc.Infrastructure.ControllerActionInvoker.Next(State& next, Scope& scope, Object& state, Boolean& isCompleted)
   at Microsoft.AspNetCore.Mvc.Infrastructure.ControllerActionInvoker.InvokeInnerFilterAsync()
--- End of stack trace from previous location ---
   at Microsoft.AspNetCore.Mvc.Infrastructure.ResourceInvoker.<InvokeFilterPipelineAsync>g__Awaited|19_0(ResourceInvoker invoker, Task lastTask, State next, Scope scope, Object state, Boolean isCompleted)
   at Microsoft.AspNetCore.Mvc.Infrastructure.ResourceInvoker.<InvokeAsync>g__Awaited|17_0(ResourceInvoker invoker, Task task, IDisposable scope)
   at Microsoft.AspNetCore.Routing.EndpointMiddleware.<Invoke>g__AwaitRequestTask|6_0(Endpoint endpoint, Task requestTask, ILogger logger)
   at Microsoft.AspNetCore.Authorization.AuthorizationMiddleware.Invoke(HttpContext context)
   at Swashbuckle.AspNetCore.SwaggerUI.SwaggerUIMiddleware.Invoke(HttpContext httpContext)
   at Swashbuckle.AspNetCore.Swagger.SwaggerMiddleware.Invoke(HttpContext httpContext, ISwaggerProvider swaggerProvider)
   at Microsoft.AspNetCore.Diagnostics.StatusCodePagesMiddleware.Invoke(HttpContext context)
   at Mezcal.Middlewares.ExceptionMiddleware.InvokeAsync(HttpContext context) in D:\holostik project\Mezcal\MeazcalApi\Mezcal\Middlewares\ExceptionMiddleware.cs:line 32}
2021-08-24 16:31:59.7294 INFO Application started. Press Ctrl+C to shut down.}
2021-08-24 16:31:59.7680 INFO Hosting environment: Development}
2021-08-24 16:31:59.8158 INFO Content root path: D:\holostik project\Mezcal\MeazcalApi\Mezcal}
2021-08-24 16:32:42.3302 ERROR System.MissingMethodException: Cannot create an abstract class.
   at System.RuntimeTypeHandle.CreateInstance(RuntimeType type, Boolean publicOnly, Boolean wrapExceptions, Boolean& canBeCached, RuntimeMethodHandleInternal& ctor, Boolean& hasNoDefaultCtor)
   at System.RuntimeType.CreateInstanceDefaultCtorSlow(Boolean publicOnly, Boolean wrapExceptions, Boolean fillCache)
   at System.RuntimeType.CreateInstanceDefaultCtor(Boolean publicOnly, Boolean skipCheckThis, Boolean fillCache, Boolean wrapExceptions)
   at System.Activator.CreateInstance[T]()
   at Microsoft.Extensions.Options.OptionsFactory`1.CreateInstance(String name)
   at Microsoft.Extensions.Options.OptionsFactory`1.Create(String name)
   at Microsoft.Extensions.Options.UnnamedOptionsManager`1.get_Value()
   at Mezcal.Data.Products.ProductRepository.CreateProduct(ProductData productData) in D:\holostik project\Mezcal\MeazcalApi\Mezcal.Data\Products\ProductRepository.cs:line 27
   at Mezcal.Controllers.ProductController.Post(ProductData productData) in D:\holostik project\Mezcal\MeazcalApi\Mezcal\Controllers\ProductController.cs:line 41
   at Microsoft.AspNetCore.Mvc.Infrastructure.ActionMethodExecutor.TaskOfIActionResultExecutor.Execute(IActionResultTypeMapper mapper, ObjectMethodExecutor executor, Object controller, Object[] arguments)
   at Microsoft.AspNetCore.Mvc.Infrastructure.ControllerActionInvoker.<InvokeActionMethodAsync>g__Awaited|12_0(ControllerActionInvoker invoker, ValueTask`1 actionResultValueTask)
   at Microsoft.AspNetCore.Mvc.Infrastructure.ControllerActionInvoker.<InvokeNextActionFilterAsync>g__Awaited|10_0(ControllerActionInvoker invoker, Task lastTask, State next, Scope scope, Object state, Boolean isCompleted)
   at Microsoft.AspNetCore.Mvc.Infrastructure.ControllerActionInvoker.Rethrow(ActionExecutedContextSealed context)
   at Microsoft.AspNetCore.Mvc.Infrastructure.ControllerActionInvoker.Next(State& next, Scope& scope, Object& state, Boolean& isCompleted)
   at Microsoft.AspNetCore.Mvc.Infrastructure.ControllerActionInvoker.InvokeInnerFilterAsync()
--- End of stack trace from previous location ---
   at Microsoft.AspNetCore.Mvc.Infrastructure.ResourceInvoker.<InvokeFilterPipelineAsync>g__Awaited|19_0(ResourceInvoker invoker, Task lastTask, State next, Scope scope, Object state, Boolean isCompleted)
   at Microsoft.AspNetCore.Mvc.Infrastructure.ResourceInvoker.<InvokeAsync>g__Awaited|17_0(ResourceInvoker invoker, Task task, IDisposable scope)
   at Microsoft.AspNetCore.Routing.EndpointMiddleware.<Invoke>g__AwaitRequestTask|6_0(Endpoint endpoint, Task requestTask, ILogger logger)
   at Microsoft.AspNetCore.Authorization.AuthorizationMiddleware.Invoke(HttpContext context)
   at Swashbuckle.AspNetCore.SwaggerUI.SwaggerUIMiddleware.Invoke(HttpContext httpContext)
   at Swashbuckle.AspNetCore.Swagger.SwaggerMiddleware.Invoke(HttpContext httpContext, ISwaggerProvider swaggerProvider)
   at Microsoft.AspNetCore.Diagnostics.StatusCodePagesMiddleware.Invoke(HttpContext context)
   at Mezcal.Middlewares.ExceptionMiddleware.InvokeAsync(HttpContext context) in D:\holostik project\Mezcal\MeazcalApi\Mezcal\Middlewares\ExceptionMiddleware.cs:line 32}
2021-08-24 16:33:11.5521 ERROR System.MissingMethodException: Cannot create an abstract class.
   at System.RuntimeTypeHandle.CreateInstance(RuntimeType type, Boolean publicOnly, Boolean wrapExceptions, Boolean& canBeCached, RuntimeMethodHandleInternal& ctor, Boolean& hasNoDefaultCtor)
   at System.RuntimeType.CreateInstanceDefaultCtorSlow(Boolean publicOnly, Boolean wrapExceptions, Boolean fillCache)
   at System.RuntimeType.CreateInstanceDefaultCtor(Boolean publicOnly, Boolean skipCheckThis, Boolean fillCache, Boolean wrapExceptions)
   at System.Activator.CreateInstance[T]()
   at Microsoft.Extensions.Options.OptionsFactory`1.CreateInstance(String name)
   at Microsoft.Extensions.Options.OptionsFactory`1.Create(String name)
   at Microsoft.Extensions.Options.UnnamedOptionsManager`1.get_Value()
   at Mezcal.Data.Products.ProductRepository.CreateProduct(ProductData productData) in D:\holostik project\Mezcal\MeazcalApi\Mezcal.Data\Products\ProductRepository.cs:line 27
   at Mezcal.Controllers.ProductController.Post(ProductData productData) in D:\holostik project\Mezcal\MeazcalApi\Mezcal\Controllers\ProductController.cs:line 41
   at Microsoft.AspNetCore.Mvc.Infrastructure.ActionMethodExecutor.TaskOfIActionResultExecutor.Execute(IActionResultTypeMapper mapper, ObjectMethodExecutor executor, Object controller, Object[] arguments)
   at Microsoft.AspNetCore.Mvc.Infrastructure.ControllerActionInvoker.<InvokeActionMethodAsync>g__Awaited|12_0(ControllerActionInvoker invoker, ValueTask`1 actionResultValueTask)
   at Microsoft.AspNetCore.Mvc.Infrastructure.ControllerActionInvoker.<InvokeNextActionFilterAsync>g__Awaited|10_0(ControllerActionInvoker invoker, Task lastTask, State next, Scope scope, Object state, Boolean isCompleted)
   at Microsoft.AspNetCore.Mvc.Infrastructure.ControllerActionInvoker.Rethrow(ActionExecutedContextSealed context)
   at Microsoft.AspNetCore.Mvc.Infrastructure.ControllerActionInvoker.Next(State& next, Scope& scope, Object& state, Boolean& isCompleted)
   at Microsoft.AspNetCore.Mvc.Infrastructure.ControllerActionInvoker.InvokeInnerFilterAsync()
--- End of stack trace from previous location ---
   at Microsoft.AspNetCore.Mvc.Infrastructure.ResourceInvoker.<InvokeFilterPipelineAsync>g__Awaited|19_0(ResourceInvoker invoker, Task lastTask, State next, Scope scope, Object state, Boolean isCompleted)
   at Microsoft.AspNetCore.Mvc.Infrastructure.ResourceInvoker.<InvokeAsync>g__Awaited|17_0(ResourceInvoker invoker, Task task, IDisposable scope)
   at Microsoft.AspNetCore.Routing.EndpointMiddleware.<Invoke>g__AwaitRequestTask|6_0(Endpoint endpoint, Task requestTask, ILogger logger)
   at Microsoft.AspNetCore.Authorization.AuthorizationMiddleware.Invoke(HttpContext context)
   at Swashbuckle.AspNetCore.SwaggerUI.SwaggerUIMiddleware.Invoke(HttpContext httpContext)
   at Swashbuckle.AspNetCore.Swagger.SwaggerMiddleware.Invoke(HttpContext httpContext, ISwaggerProvider swaggerProvider)
   at Microsoft.AspNetCore.Diagnostics.StatusCodePagesMiddleware.Invoke(HttpContext context)
   at Mezcal.Middlewares.ExceptionMiddleware.InvokeAsync(HttpContext context) in D:\holostik project\Mezcal\MeazcalApi\Mezcal\Middlewares\ExceptionMiddleware.cs:line 32}
2021-08-24 16:33:38.0305 INFO Application started. Press Ctrl+C to shut down.}
2021-08-24 16:33:38.0685 INFO Hosting environment: Development}
2021-08-24 16:33:38.0685 INFO Content root path: D:\holostik project\Mezcal\MeazcalApi\Mezcal}
2021-08-24 17:57:35.4863 INFO Application started. Press Ctrl+C to shut down.}
2021-08-24 17:57:35.5365 INFO Hosting environment: Development}
2021-08-24 17:57:35.5365 INFO Content root path: D:\holostik project\Mezcal\MeazcalApi\Mezcal}
2021-08-24 17:58:03.4910 ERROR System.Data.SqlClient.SqlException (0x80131904): Procedure or function uspAddProductMaster has too many arguments specified.
   at System.Data.SqlClient.SqlCommand.<>c.<ExecuteDbDataReaderAsync>b__126_0(Task`1 result)
   at System.Threading.Tasks.ContinuationResultTaskFromResultTask`2.InnerInvoke()
   at System.Threading.Tasks.Task.<>c.<.cctor>b__277_0(Object obj)
   at System.Threading.ExecutionContext.RunInternal(ExecutionContext executionContext, ContextCallback callback, Object state)
--- End of stack trace from previous location ---
   at System.Threading.ExecutionContext.RunInternal(ExecutionContext executionContext, ContextCallback callback, Object state)
   at System.Threading.Tasks.Task.ExecuteWithThreadLocal(Task& currentTaskSlot, Thread threadPoolThread)
--- End of stack trace from previous location ---
   at Dapper.SqlMapper.QueryRowAsync[T](IDbConnection cnn, Row row, Type effectiveType, CommandDefinition command) in /_/Dapper/SqlMapper.Async.cs:line 473
   at Mezcal.Data.Products.ProductRepository.CreateProduct(ProductData productData) in D:\holostik project\Mezcal\MeazcalApi\Mezcal.Data\Products\ProductRepository.cs:line 32
   at Mezcal.Controllers.ProductController.Post(ProductData productData) in D:\holostik project\Mezcal\MeazcalApi\Mezcal\Controllers\ProductController.cs:line 41
   at Microsoft.AspNetCore.Mvc.Infrastructure.ActionMethodExecutor.TaskOfIActionResultExecutor.Execute(IActionResultTypeMapper mapper, ObjectMethodExecutor executor, Object controller, Object[] arguments)
   at Microsoft.AspNetCore.Mvc.Infrastructure.ControllerActionInvoker.<InvokeActionMethodAsync>g__Awaited|12_0(ControllerActionInvoker invoker, ValueTask`1 actionResultValueTask)
   at Microsoft.AspNetCore.Mvc.Infrastructure.ControllerActionInvoker.<InvokeNextActionFilterAsync>g__Awaited|10_0(ControllerActionInvoker invoker, Task lastTask, State next, Scope scope, Object state, Boolean isCompleted)
   at Microsoft.AspNetCore.Mvc.Infrastructure.ControllerActionInvoker.Rethrow(ActionExecutedContextSealed context)
   at Microsoft.AspNetCore.Mvc.Infrastructure.ControllerActionInvoker.Next(State& next, Scope& scope, Object& state, Boolean& isCompleted)
   at Microsoft.AspNetCore.Mvc.Infrastructure.ControllerActionInvoker.<InvokeInnerFilterAsync>g__Awaited|13_0(ControllerActionInvoker invoker, Task lastTask, State next, Scope scope, Object state, Boolean isCompleted)
   at Microsoft.AspNetCore.Mvc.Infrastructure.ResourceInvoker.<InvokeFilterPipelineAsync>g__Awaited|19_0(ResourceInvoker invoker, Task lastTask, State next, Scope scope, Object state, Boolean isCompleted)
   at Microsoft.AspNetCore.Mvc.Infrastructure.ResourceInvoker.<InvokeAsync>g__Awaited|17_0(ResourceInvoker invoker, Task task, IDisposable scope)
   at Microsoft.AspNetCore.Routing.EndpointMiddleware.<Invoke>g__AwaitRequestTask|6_0(Endpoint endpoint, Task requestTask, ILogger logger)
   at Microsoft.AspNetCore.Authorization.AuthorizationMiddleware.Invoke(HttpContext context)
   at Swashbuckle.AspNetCore.SwaggerUI.SwaggerUIMiddleware.Invoke(HttpContext httpContext)
   at Swashbuckle.AspNetCore.Swagger.SwaggerMiddleware.Invoke(HttpContext httpContext, ISwaggerProvider swaggerProvider)
   at Microsoft.AspNetCore.Diagnostics.StatusCodePagesMiddleware.Invoke(HttpContext context)
   at Mezcal.Middlewares.ExceptionMiddleware.InvokeAsync(HttpContext context) in D:\holostik project\Mezcal\MeazcalApi\Mezcal\Middlewares\ExceptionMiddleware.cs:line 32
ClientConnectionId:4bfa3f4b-1c18-4d80-80c4-15797937fad0
Error Number:8144,State:2,Class:16}
2021-08-24 18:01:18.1598 INFO Application started. Press Ctrl+C to shut down.}
2021-08-24 18:01:18.2826 INFO Hosting environment: Development}
2021-08-24 18:01:18.2826 INFO Content root path: D:\holostik project\Mezcal\MeazcalApi\Mezcal}
2021-08-24 18:05:20.3155 INFO Application started. Press Ctrl+C to shut down.}
2021-08-24 18:05:20.4235 INFO Hosting environment: Development}
2021-08-24 18:05:20.4446 INFO Content root path: D:\holostik project\Mezcal\MeazcalApi\Mezcal}
2021-08-24 19:16:43.0685 INFO Application started. Press Ctrl+C to shut down.}
2021-08-24 19:16:43.1855 INFO Hosting environment: Development}
2021-08-24 19:16:43.1855 INFO Content root path: D:\holostik project\Mezcal\MeazcalApi\Mezcal}
